<?xml version="1.0" encoding="UTF-8"?>
<!-- Generated by org.testng.reporters.JUnitReportReporter -->
<testsuite hostname="DESKTOP-B7D6MAA" failures="0" tests="2" name="test.Magento" time="44.850" errors="0" timestamp="2020-04-01T00:32:37 PDT" skipped="0">
  <testcase classname="test.Magento" name="registration" time="24.881"/>
  <testcase classname="test.Magento" name="negative_login" time="19.969"/>
</testsuite> <!-- test.Magento -->
