<?xml version="1.0" encoding="UTF-8"?>
<!-- Generated by org.testng.reporters.JUnitReportReporter -->
<testsuite hostname="DESKTOP-B7D6MAA" failures="0" tests="2" name="test.FirstTest" time="47.798" errors="0" timestamp="2020-03-30T23:55:27 PDT" skipped="0">
  <testcase classname="test.FirstTest" name="registration" time="23.203"/>
  <testcase classname="test.FirstTest" name="negative_login" time="24.595"/>
</testsuite> <!-- test.FirstTest -->
